<?xml version="1.0" encoding="UTF-8"?>
<!-- Generated by org.testng.reporters.JUnitReportReporter -->
<testsuite hostname="LAPTOP-POCHI3TQ" failures="0" tests="8" name="com.tmobile.tests.HomeTest" time="0.243" errors="0" timestamp="2023-11-29T16:58:05 IST" skipped="0">
  <testcase classname="com.tmobile.tests.HomeTest" name="testCompanyLogo" time="0.053"/>
  <system-out/>
  <testcase classname="com.tmobile.tests.HomeTest" name="testPlans" time="0.028"/>
  <system-out/>
  <testcase classname="com.tmobile.tests.HomeTest" name="testJoinUs" time="0.052"/>
  <system-out/>
  <testcase classname="com.tmobile.tests.HomeTest" name="testCart" time="0.020"/>
  <system-out/>
  <testcase classname="com.tmobile.tests.HomeTest" name="testSearch" time="0.021"/>
  <system-out/>
  <testcase classname="com.tmobile.tests.HomeTest" name="testMyAccount" time="0.023"/>
  <system-out/>
  <testcase classname="com.tmobile.tests.HomeTest" name="testSpain" time="0.023"/>
  <system-out/>
  <testcase classname="com.tmobile.tests.HomeTest" name="testEnglish" time="0.023"/>
  <system-out/>
</testsuite> <!-- com.tmobile.tests.HomeTest -->
