<?xml version="1.0" encoding="UTF-8"?>
<!-- Generated by org.testng.reporters.JUnitReportReporter -->
<testsuite hostname="LAPTOP-POCHI3TQ" failures="0" tests="7" name="com.tmobile.tests.Coverage_RuralAndSmallTownsTest" time="51.168" errors="0" timestamp="2023-12-13T17:51:44 IST" skipped="0">
  <testcase classname="com.tmobile.tests.Coverage_RuralAndSmallTownsTest" name="testCoverage" time="6.809"/>
  <system-out/>
  <testcase classname="com.tmobile.tests.Coverage_RuralAndSmallTownsTest" name="testSmallTownRuralAreaPage" time="0.042"/>
  <system-out/>
  <testcase classname="com.tmobile.tests.Coverage_RuralAndSmallTownsTest" name="testBusinessPlan" time="41.964"/>
  <system-out/>
  <testcase classname="com.tmobile.tests.Coverage_RuralAndSmallTownsTest" name="testBusinessPlanPage" time="0.045"/>
  <system-out/>
  <testcase classname="com.tmobile.tests.Coverage_RuralAndSmallTownsTest" name="testLetsTalk" time="0.183"/>
  <system-out/>
  <testcase classname="com.tmobile.tests.Coverage_RuralAndSmallTownsTest" name="testCustomerInfo" time="1.988"/>
  <system-out/>
  <testcase classname="com.tmobile.tests.Coverage_RuralAndSmallTownsTest" name="testSubmit" time="0.137"/>
  <system-out/>
</testsuite> <!-- com.tmobile.tests.Coverage_RuralAndSmallTownsTest -->
